# JRE version: OpenJDK Runtime Environment Temurin-17.0.8+7 (17.0.8+7) (build 17.0.8+7)
# Java VM: OpenJDK 64-Bit Server VM Temurin-17.0.8+7 (17.0.8+7, mixed mode, sharing, tiered, compressed oops, compressed class ptrs, g1 gc, windows-amd64)
GC Precious Log:
 CPUs: 16 total, 16 available
 Memory: 23912M
 Large Page Support: Disabled
 NUMA Support: Disabled
 Compressed Oops: Enabled (32-bit)
 Heap Region Size: 1M
 Heap Min Capacity: 8M
 Heap Initial Capacity: 374M
 Heap Max Capacity: 2G
 Pre-touch: Disabled
 Parallel Workers: 13
 Concurrent Workers: 3
 Concurrent Refinement Workers: 13
 Periodic GC: Disabled
Heap:
 garbage-first heap   total 314368K, used 209521K [0x0000000080000000, 0x0000000100000000)
  region size 1024K, 19 young (19456K), 9 survivors (9216K)
 Metaspace       used 107339K, committed 108800K, reserved 557056K
  class space    used 15056K, committed 15744K, reserved 425984K
GC Heap History (20 events):
Event: 552.057 GC heap before
{Heap before GC invocations=48 (full 0):
 garbage-first heap   total 281600K, used 236292K [0x0000000080000000, 0x0000000100000000)
  region size 1024K, 82 young (83968K), 3 survivors (3072K)
 Metaspace       used 101675K, committed 103104K, reserved 557056K
  class space    used 14208K, committed 14848K, reserved 425984K
}
Event: 552.179 GC heap after
{Heap after GC invocations=49 (full 0):
 garbage-first heap   total 281600K, used 168686K [0x0000000080000000, 0x0000000100000000)
  region size 1024K, 11 young (11264K), 11 survivors (11264K)
 Metaspace       used 101675K, committed 103104K, reserved 557056K
  class space    used 14208K, committed 14848K, reserved 425984K
}
Event: 561.948 GC heap before
{Heap before GC invocations=49 (full 0):
 garbage-first heap   total 281600K, used 169710K [0x0000000080000000, 0x0000000100000000)
  region size 1024K, 13 young (13312K), 11 survivors (11264K)
 Metaspace       used 101675K, committed 103104K, reserved 557056K
  class space    used 14208K, committed 14848K, reserved 425984K
}
Event: 561.995 GC heap after
{Heap after GC invocations=50 (full 0):
 garbage-first heap   total 281600K, used 167809K [0x0000000080000000, 0x0000000100000000)
  region size 1024K, 1 young (1024K), 1 survivors (1024K)
 Metaspace       used 101675K, committed 103104K, reserved 557056K
  class space    used 14208K, committed 14848K, reserved 425984K
}
Event: 569.496 GC heap before
{Heap before GC invocations=50 (full 0):
 garbage-first heap   total 281600K, used 234369K [0x0000000080000000, 0x0000000100000000)
  region size 1024K, 67 young (68608K), 1 survivors (1024K)
 Metaspace       used 101747K, committed 103232K, reserved 557056K
  class space    used 14215K, committed 14912K, reserved 425984K
}
Event: 569.578 GC heap after
{Heap after GC invocations=51 (full 0):
 garbage-first heap   total 281600K, used 172929K [0x0000000080000000, 0x0000000100000000)
  region size 1024K, 6 young (6144K), 6 survivors (6144K)
 Metaspace       used 101747K, committed 103232K, reserved 557056K
  class space    used 14215K, committed 14912K, reserved 425984K
}
Event: 570.018 GC heap before
{Heap before GC invocations=51 (full 0):
 garbage-first heap   total 281600K, used 234369K [0x0000000080000000, 0x0000000100000000)
  region size 1024K, 67 young (68608K), 6 survivors (6144K)
 Metaspace       used 101747K, committed 103232K, reserved 557056K
  class space    used 14215K, committed 14912K, reserved 425984K
}
Event: 570.034 GC heap after
{Heap after GC invocations=52 (full 0):
 garbage-first heap   total 281600K, used 174585K [0x0000000080000000, 0x0000000100000000)
  region size 1024K, 4 young (4096K), 4 survivors (4096K)
 Metaspace       used 101747K, committed 103232K, reserved 557056K
  class space    used 14215K, committed 14912K, reserved 425984K
}
Event: 579.496 GC heap before
{Heap before GC invocations=53 (full 0):
 garbage-first heap   total 309248K, used 237049K [0x0000000080000000, 0x0000000100000000)
  region size 1024K, 63 young (64512K), 4 survivors (4096K)
 Metaspace       used 102003K, committed 103488K, reserved 557056K
  class space    used 14243K, committed 14912K, reserved 425984K
}
Event: 579.514 GC heap after
{Heap after GC invocations=54 (full 0):
 garbage-first heap   total 309248K, used 185091K [0x0000000080000000, 0x0000000100000000)
  region size 1024K, 8 young (8192K), 8 survivors (8192K)
 Metaspace       used 102003K, committed 103488K, reserved 557056K
  class space    used 14243K, committed 14912K, reserved 425984K
}
Event: 579.528 GC heap before
{Heap before GC invocations=54 (full 0):
 garbage-first heap   total 309248K, used 191234K [0x0000000080000000, 0x0000000100000000)
  region size 1024K, 15 young (15360K), 8 survivors (8192K)
 Metaspace       used 102003K, committed 103488K, reserved 557056K
  class space    used 14243K, committed 14912K, reserved 425984K
}
Event: 579.542 GC heap after
{Heap after GC invocations=55 (full 0):
 garbage-first heap   total 309248K, used 186334K [0x0000000080000000, 0x0000000100000000)
  region size 1024K, 2 young (2048K), 2 survivors (2048K)
 Metaspace       used 102003K, committed 103488K, reserved 557056K
  class space    used 14243K, committed 14912K, reserved 425984K
}
Event: 588.057 GC heap before
{Heap before GC invocations=55 (full 0):
 garbage-first heap   total 309248K, used 253918K [0x0000000080000000, 0x0000000100000000)
  region size 1024K, 69 young (70656K), 2 survivors (2048K)
 Metaspace       used 102276K, committed 103808K, reserved 557056K
  class space    used 14296K, committed 14976K, reserved 425984K
}
Event: 588.063 GC heap after
{Heap after GC invocations=56 (full 0):
 garbage-first heap   total 309248K, used 186626K [0x0000000080000000, 0x0000000100000000)
  region size 1024K, 3 young (3072K), 3 survivors (3072K)
 Metaspace       used 102276K, committed 103808K, reserved 557056K
  class space    used 14296K, committed 14976K, reserved 425984K
}
Event: 590.924 GC heap before
{Heap before GC invocations=57 (full 0):
 garbage-first heap   total 314368K, used 257282K [0x0000000080000000, 0x0000000100000000)
  region size 1024K, 72 young (73728K), 3 survivors (3072K)
 Metaspace       used 105118K, committed 106624K, reserved 557056K
  class space    used 14755K, committed 15424K, reserved 425984K
}
Event: 590.933 GC heap after
{Heap after GC invocations=58 (full 0):
 garbage-first heap   total 314368K, used 193711K [0x0000000080000000, 0x0000000100000000)
  region size 1024K, 9 young (9216K), 9 survivors (9216K)
 Metaspace       used 105118K, committed 106624K, reserved 557056K
  class space    used 14755K, committed 15424K, reserved 425984K
}
Event: 591.060 GC heap before
{Heap before GC invocations=58 (full 0):
 garbage-first heap   total 314368K, used 198831K [0x0000000080000000, 0x0000000100000000)
  region size 1024K, 15 young (15360K), 9 survivors (9216K)
 Metaspace       used 105431K, committed 106944K, reserved 557056K
  class space    used 14796K, committed 15488K, reserved 425984K
}
Event: 591.066 GC heap after
{Heap after GC invocations=59 (full 0):
 garbage-first heap   total 314368K, used 191660K [0x0000000080000000, 0x0000000100000000)
  region size 1024K, 1 young (1024K), 1 survivors (1024K)
 Metaspace       used 105431K, committed 106944K, reserved 557056K
  class space    used 14796K, committed 15488K, reserved 425984K
}
Event: 592.501 GC heap before
{Heap before GC invocations=59 (full 0):
 garbage-first heap   total 314368K, used 262316K [0x0000000080000000, 0x0000000100000000)
  region size 1024K, 70 young (71680K), 1 survivors (1024K)
 Metaspace       used 107337K, committed 108800K, reserved 557056K
  class space    used 15056K, committed 15744K, reserved 425984K
}
Event: 592.509 GC heap after
{Heap after GC invocations=60 (full 0):
 garbage-first heap   total 314368K, used 200305K [0x0000000080000000, 0x0000000100000000)
  region size 1024K, 9 young (9216K), 9 survivors (9216K)
 Metaspace       used 107337K, committed 108800K, reserved 557056K
  class space    used 15056K, committed 15744K, reserved 425984K
}

